<?xml version="1.0" encoding="UTF-8"?>
<!-- Generated by org.testng.reporters.JUnitXMLReporter -->
<testsuite ignored="2" hostname="SWARAJ" failures="0" tests="0" time="0.011" errors="0" timestamp="2025-01-09T00:36:30 IST">
  <testcase classname="swarajtripathy.tests.ErrorValidations" name="productErrorValidation" time="0.0">
    <ignored/>
  </testcase> <!-- productErrorValidation -->
  <testcase classname="swarajtripathy.tests.ErrorValidations" name="loginErrorValidation" time="0.0">
    <ignored/>
  </testcase> <!-- loginErrorValidation -->
</testsuite>
