<?xml version="1.0" encoding="UTF-8"?>
<!-- Generated by org.testng.reporters.JUnitXMLReporter -->
<testsuite ignored="1" hostname="SWARAJ" failures="0" tests="2" name="Submit Order Test" time="50.479" errors="0" timestamp="2025-01-09T00:37:21 IST">
  <testcase classname="swarajtripathy.tests.StandAloneTest2" name="submitOrder" time="6.259"/>
  <testcase classname="swarajtripathy.tests.StandAloneTest2" name="submitOrder" time="5.319"/>
  <testcase classname="swarajtripathy.tests.StandAloneTest2" name="orderVerfication" time="0.0">
    <ignored/>
  </testcase> <!-- orderVerfication -->
</testsuite> <!-- Submit Order Test -->
