<?xml version="1.0" encoding="UTF-8"?>
<!-- Generated by org.testng.reporters.JUnitXMLReporter -->
<testsuite ignored="0" hostname="SWARAJ" failures="0" tests="2" name="Error Validations Test" time="90.482" errors="0" timestamp="2025-01-04T18:33:53 IST">
  <testcase classname="swarajtripathy.tests.ErrorValidations" name="loginErrorValidation" time="2.002"/>
  <testcase classname="swarajtripathy.tests.ErrorValidations" name="productErrorValidation" time="5.875"/>
</testsuite> <!-- Error Validations Test -->
