<?xml version="1.0" encoding="UTF-8"?>
<!-- Generated by org.testng.reporters.JUnitXMLReporter -->
<testsuite ignored="0" hostname="SWARAJ" failures="0" tests="3" name="Submit Order Test" time="109.403" errors="0" timestamp="2025-01-04T18:34:08 IST">
  <testcase classname="swarajtripathy.tests.StandAloneTest2" name="submitOrder" time="17.434"/>
  <testcase classname="swarajtripathy.tests.StandAloneTest2" name="submitOrder" time="5.986"/>
  <testcase classname="swarajtripathy.tests.StandAloneTest2" name="orderVerfication" time="1.203"/>
</testsuite> <!-- Submit Order Test -->
