<?xml version="1.0" encoding="UTF-8"?>
<testng-results ignored="0" total="5" passed="5" failed="0" skipped="0">
  <reporter-output>
  </reporter-output>
  <suite started-at="2025-01-04T18:32:19 IST" name="Suite" finished-at="2025-01-04T18:34:08 IST" duration-ms="109403">
    <groups>
      <group name="Purchase">
        <method signature="StandAloneTest2.submitOrder(java.util.HashMap)[pri:0, instance:swarajtripathy.tests.StandAloneTest2@4a8355dd]" name="submitOrder" class="swarajtripathy.tests.StandAloneTest2"/>
      </group> <!-- Purchase -->
      <group name="ErrorValidation">
        <method signature="ErrorValidations.productErrorValidation()[pri:0, instance:swarajtripathy.tests.ErrorValidations@d2de489]" name="productErrorValidation" class="swarajtripathy.tests.ErrorValidations"/>
      </group> <!-- ErrorValidation -->
    </groups>
    <test started-at="2025-01-04T18:32:19 IST" name="Error Validations Test" finished-at="2025-01-04T18:33:49 IST" duration-ms="90482">
      <class name="swarajtripathy.tests.ErrorValidations">
        <test-method is-config="true" signature="launchApplication()[pri:0, instance:swarajtripathy.tests.ErrorValidations@d2de489]" started-at="2025-01-04T18:32:19 IST" name="launchApplication" finished-at="2025-01-04T18:33:05 IST" duration-ms="45950" status="PASS">
          <reporter-output>
          </reporter-output>
        </test-method> <!-- launchApplication -->
        <test-method signature="loginErrorValidation()[pri:0, instance:swarajtripathy.tests.ErrorValidations@d2de489]" started-at="2025-01-04T18:33:05 IST" name="loginErrorValidation" finished-at="2025-01-04T18:33:07 IST" duration-ms="2002" status="PASS">
          <reporter-output>
          </reporter-output>
        </test-method> <!-- loginErrorValidation -->
        <test-method is-config="true" signature="tearDown()[pri:0, instance:swarajtripathy.tests.ErrorValidations@d2de489]" started-at="2025-01-04T18:33:07 IST" name="tearDown" finished-at="2025-01-04T18:33:11 IST" duration-ms="4486" status="PASS">
          <reporter-output>
          </reporter-output>
        </test-method> <!-- tearDown -->
        <test-method is-config="true" signature="launchApplication()[pri:0, instance:swarajtripathy.tests.ErrorValidations@d2de489]" started-at="2025-01-04T18:33:11 IST" name="launchApplication" finished-at="2025-01-04T18:33:42 IST" duration-ms="30484" status="PASS">
          <reporter-output>
          </reporter-output>
        </test-method> <!-- launchApplication -->
        <test-method signature="productErrorValidation()[pri:0, instance:swarajtripathy.tests.ErrorValidations@d2de489]" started-at="2025-01-04T18:33:42 IST" name="productErrorValidation" finished-at="2025-01-04T18:33:48 IST" duration-ms="5875" status="PASS">
          <reporter-output>
          </reporter-output>
        </test-method> <!-- productErrorValidation -->
        <test-method is-config="true" signature="tearDown()[pri:0, instance:swarajtripathy.tests.ErrorValidations@d2de489]" started-at="2025-01-04T18:33:48 IST" name="tearDown" finished-at="2025-01-04T18:33:49 IST" duration-ms="1555" status="PASS">
          <reporter-output>
          </reporter-output>
        </test-method> <!-- tearDown -->
      </class> <!-- swarajtripathy.tests.ErrorValidations -->
    </test> <!-- Error Validations Test -->
    <test started-at="2025-01-04T18:32:19 IST" name="Submit Order Test" finished-at="2025-01-04T18:34:08 IST" duration-ms="109403">
      <class name="swarajtripathy.tests.StandAloneTest2">
        <test-method is-config="true" signature="launchApplication()[pri:0, instance:swarajtripathy.tests.StandAloneTest2@4a8355dd]" started-at="2025-01-04T18:32:21 IST" name="launchApplication" finished-at="2025-01-04T18:33:05 IST" duration-ms="44413" status="PASS">
          <reporter-output>
          </reporter-output>
        </test-method> <!-- launchApplication -->
        <test-method signature="submitOrder(java.util.HashMap)[pri:0, instance:swarajtripathy.tests.StandAloneTest2@4a8355dd]" started-at="2025-01-04T18:33:05 IST" name="submitOrder" data-provider="getData" finished-at="2025-01-04T18:33:23 IST" duration-ms="17434" status="PASS">
          <params>
            <param index="0">
              <value>
                <![CDATA[{password=Swaraj@123, email=swaraj@gmail.com, productName=IPHONE 13 PRO}]]>
              </value>
            </param>
          </params>
          <reporter-output>
          </reporter-output>
        </test-method> <!-- submitOrder -->
        <test-method is-config="true" signature="tearDown()[pri:0, instance:swarajtripathy.tests.StandAloneTest2@4a8355dd]" started-at="2025-01-04T18:33:23 IST" name="tearDown" finished-at="2025-01-04T18:33:25 IST" duration-ms="2142" status="PASS">
          <reporter-output>
          </reporter-output>
        </test-method> <!-- tearDown -->
        <test-method is-config="true" signature="launchApplication()[pri:0, instance:swarajtripathy.tests.StandAloneTest2@4a8355dd]" started-at="2025-01-04T18:33:25 IST" name="launchApplication" finished-at="2025-01-04T18:33:50 IST" duration-ms="24666" status="PASS">
          <reporter-output>
          </reporter-output>
        </test-method> <!-- launchApplication -->
        <test-method signature="submitOrder(java.util.HashMap)[pri:0, instance:swarajtripathy.tests.StandAloneTest2@4a8355dd]" started-at="2025-01-04T18:33:50 IST" name="submitOrder" data-provider="getData" finished-at="2025-01-04T18:33:56 IST" duration-ms="5986" status="PASS">
          <params>
            <param index="0">
              <value>
                <![CDATA[{password=Welcome@123, email=john.snow@gmail.com, productName=LG Refrigerator}]]>
              </value>
            </param>
          </params>
          <reporter-output>
          </reporter-output>
        </test-method> <!-- submitOrder -->
        <test-method is-config="true" signature="tearDown()[pri:0, instance:swarajtripathy.tests.StandAloneTest2@4a8355dd]" started-at="2025-01-04T18:33:56 IST" name="tearDown" finished-at="2025-01-04T18:33:56 IST" duration-ms="315" status="PASS">
          <reporter-output>
          </reporter-output>
        </test-method> <!-- tearDown -->
        <test-method is-config="true" signature="launchApplication()[pri:0, instance:swarajtripathy.tests.StandAloneTest2@4a8355dd]" started-at="2025-01-04T18:33:56 IST" name="launchApplication" finished-at="2025-01-04T18:34:07 IST" duration-ms="11061" status="PASS">
          <reporter-output>
          </reporter-output>
        </test-method> <!-- launchApplication -->
        <test-method signature="orderVerfication()[pri:0, instance:swarajtripathy.tests.StandAloneTest2@4a8355dd]" started-at="2025-01-04T18:34:07 IST" name="orderVerfication" finished-at="2025-01-04T18:34:08 IST" depends-on-methods="swarajtripathy.tests.StandAloneTest2.submitOrder" duration-ms="1203" status="PASS">
          <reporter-output>
          </reporter-output>
        </test-method> <!-- orderVerfication -->
        <test-method is-config="true" signature="tearDown()[pri:0, instance:swarajtripathy.tests.StandAloneTest2@4a8355dd]" started-at="2025-01-04T18:34:08 IST" name="tearDown" finished-at="2025-01-04T18:34:08 IST" duration-ms="223" status="PASS">
          <reporter-output>
          </reporter-output>
        </test-method> <!-- tearDown -->
      </class> <!-- swarajtripathy.tests.StandAloneTest2 -->
    </test> <!-- Submit Order Test -->
  </suite> <!-- Suite -->
</testng-results>
